This is pdfTeX, Version 3.14159265-2.6-1.40.16 (TeX Live 2015/Debian) (preloaded format=pdflatex 2017.8.24)  2 MAY 2018 19:57
entering extended mode
 restricted \write18 enabled.
 %&-line parsing enabled.
**lab_book_1.tex
(./lab_book_1.tex
LaTeX2e <2016/02/01>
Babel <3.9q> and hyphenation patterns for 12 language(s) loaded.
(./labbook.cls
Document Class: labbook 2003/05/20 v1.1 LaTeX2e labbook document class
(/usr/share/texlive/texmf-dist/tex/latex/koma-script/scrbook.cls
Document Class: scrbook 2015/10/03 v3.19a KOMA-Script document class (book)
(/usr/share/texlive/texmf-dist/tex/latex/koma-script/scrkbase.sty
Package: scrkbase 2015/10/03 v3.19a KOMA-Script package (KOMA-Script-dependent 
basics and keyval usage)

(/usr/share/texlive/texmf-dist/tex/latex/koma-script/scrbase.sty
Package: scrbase 2015/10/03 v3.19a KOMA-Script package (KOMA-Script-independent
 basics and keyval usage)

(/usr/share/texlive/texmf-dist/tex/latex/graphics/keyval.sty
Package: keyval 2014/10/28 v1.15 key=value parser (DPC)
\KV@toks@=\toks14
)
(/usr/share/texlive/texmf-dist/tex/latex/koma-script/scrlfile.sty
Package: scrlfile 2015/10/03 v3.19a KOMA-Script package (loading files)

Package scrlfile, 2015/10/03 v3.19a KOMA-Script package (loading files)
                  Copyright (C) Markus Kohm

))) (/usr/share/texlive/texmf-dist/tex/latex/koma-script/tocbasic.sty
Package: tocbasic 2015/10/03 v3.19a KOMA-Script package (handling toc-files)
)
Package tocbasic Info: omitting babel extension for `toc'
(tocbasic)             because of feature `nobabel' available
(tocbasic)             for `toc' on input line 125.
Package tocbasic Info: omitting babel extension for `lof'
(tocbasic)             because of feature `nobabel' available
(tocbasic)             for `lof' on input line 126.
Package tocbasic Info: omitting babel extension for `lot'
(tocbasic)             because of feature `nobabel' available
(tocbasic)             for `lot' on input line 127.
Package tocbasic Info: defining new hook before heading of `' on input line 158
4.


Class scrbook Warning: You've used obsolete option `idxtotoc'.
(scrbook)              Usage of this option indicates an old document
(scrbook)              and changes compatibility level using
(scrbook)              `index=totoc,version=first'.
(scrbook)              If you don't want this, you should simply
(scrbook)              replace option `idxtotoc' by `index=totoc'.

Class scrbook Info: Switching compatibility level to `first'.
Class scrbook Info: You've used standard option `openany'.
(scrbook)           This is correct!
(scrbook)           Internally I'm using `open=any'.
(scrbook)           If you'd like to set the option with \KOMAoptions,
(scrbook)           you'd have to use `open=any' there
(scrbook)           instead of `openany', too.
Class scrbook Info: You've used standard option `oneside'.
(scrbook)           This is correct!
(scrbook)           Internally I'm using `twoside=false'.
(scrbook)           If you'd like to set the option with \KOMAoptions,
(scrbook)           you'd have to use `twoside=false' there
(scrbook)           instead of `oneside', too.
Class scrbook Info: File `scrsize11pt.clo' used instead of
(scrbook)           file `scrsize11.clo' to setup font sizes on input line 2251
.
(/usr/share/texlive/texmf-dist/tex/latex/koma-script/scrsize11pt.clo
File: scrsize11pt.clo 2015/10/03 v3.19a KOMA-Script font size class option (11p
t)
)
(/usr/share/texlive/texmf-dist/tex/latex/koma-script/typearea.sty
Package: typearea 2015/10/03 v3.19a KOMA-Script package (type area)

Package typearea, 2015/10/03 v3.19a KOMA-Script package (type area)
                  Copyright (C) Frank Neukam, 1992-1994
                  Copyright (C) Markus Kohm, 1994-

\ta@bcor=\skip41
\ta@div=\count79
Package typearea Info: You've used standard option `oneside'.
(typearea)             This is correct!
(typearea)             Internally I'm using `twoside=false'.
(typearea)             If you'd like to set the option with \KOMAoptions,
(typearea)             you'd have to use `twoside=false' there
(typearea)             instead of `oneside', too.
\ta@hblk=\skip42
\ta@vblk=\skip43
\ta@temp=\skip44
\footheight=\skip45
Package typearea Info: These are the values describing the layout:
(typearea)             DIV  = 10
(typearea)             BCOR = 0.0pt
(typearea)             \paperwidth      = 597.50793pt
(typearea)              \textwidth      = 418.25555pt
(typearea)              DIV departure   = -6%
(typearea)              \evensidemargin = 17.3562pt
(typearea)              \oddsidemargin  = 17.3562pt
(typearea)             \paperheight     = 845.04694pt
(typearea)              \textheight     = 595.80026pt
(typearea)              \topmargin      = -25.16531pt
(typearea)              \headheight     = 17.0pt
(typearea)              \headsep        = 20.40001pt
(typearea)              \topskip        = 11.0pt
(typearea)              \footskip       = 47.6pt
(typearea)              \baselineskip   = 13.6pt
(typearea)              on input line 1509.
)
\c@part=\count80
\c@chapter=\count81
\c@section=\count82
\c@subsection=\count83
\c@subsubsection=\count84
\c@paragraph=\count85
\c@subparagraph=\count86
LaTeX Info: Redefining \textsubscript on input line 4654.
\abovecaptionskip=\skip46
\belowcaptionskip=\skip47
\c@pti@nb@sid@b@x=\box26
\c@figure=\count87
\c@table=\count88
\bibindent=\dimen102
) (/usr/share/texlive/texmf-dist/tex/latex/base/makeidx.sty
Package: makeidx 2014/09/29 v1.0m Standard LaTeX package
)
\@indexfile=\write3
\openout3 = `lab_book_1.idx'.


Writing index file lab_book_1.idx
\FK@toks@=\toks15
\c@fk@commasep@argnumber=\count89
\c@fk@atdashsep@argnumber=\count90
\c@labday=\count91
\c@experiment=\count92
\c@subexperiment=\count93
) (/usr/share/texlive/texmf-dist/tex/latex/hyperref/hyperref.sty
Package: hyperref 2012/11/06 v6.83m Hypertext links for LaTeX

(/usr/share/texlive/texmf-dist/tex/generic/oberdiek/hobsub-hyperref.sty
Package: hobsub-hyperref 2012/05/28 v1.13 Bundle oberdiek, subset hyperref (HO)


(/usr/share/texlive/texmf-dist/tex/generic/oberdiek/hobsub-generic.sty
Package: hobsub-generic 2012/05/28 v1.13 Bundle oberdiek, subset generic (HO)
Package: hobsub 2012/05/28 v1.13 Construct package bundles (HO)
Package: infwarerr 2010/04/08 v1.3 Providing info/warning/error messages (HO)
Package: ltxcmds 2011/11/09 v1.22 LaTeX kernel commands for general use (HO)
Package: ifluatex 2010/03/01 v1.3 Provides the ifluatex switch (HO)
Package ifluatex Info: LuaTeX not detected.
Package: ifvtex 2010/03/01 v1.5 Detect VTeX and its facilities (HO)
Package ifvtex Info: VTeX not detected.
Package: intcalc 2007/09/27 v1.1 Expandable calculations with integers (HO)
Package: ifpdf 2011/01/30 v2.3 Provides the ifpdf switch (HO)
Package ifpdf Info: pdfTeX in PDF mode is detected.
Package: etexcmds 2011/02/16 v1.5 Avoid name clashes with e-TeX commands (HO)
Package etexcmds Info: Could not find \expanded.
(etexcmds)             That can mean that you are not using pdfTeX 1.50 or
(etexcmds)             that some package has redefined \expanded.
(etexcmds)             In the latter case, load this package earlier.
Package: kvsetkeys 2012/04/25 v1.16 Key value parser (HO)
Package: kvdefinekeys 2011/04/07 v1.3 Define keys (HO)
Package: pdftexcmds 2011/11/29 v0.20 Utility functions of pdfTeX for LuaTeX (HO
)
Package pdftexcmds Info: LuaTeX not detected.
Package pdftexcmds Info: \pdf@primitive is available.
Package pdftexcmds Info: \pdf@ifprimitive is available.
Package pdftexcmds Info: \pdfdraftmode found.
Package: pdfescape 2011/11/25 v1.13 Implements pdfTeX's escape features (HO)
Package: bigintcalc 2012/04/08 v1.3 Expandable calculations on big integers (HO
)
Package: bitset 2011/01/30 v1.1 Handle bit-vector datatype (HO)
Package: uniquecounter 2011/01/30 v1.2 Provide unlimited unique counter (HO)
)
Package hobsub Info: Skipping package `hobsub' (already loaded).
Package: letltxmacro 2010/09/02 v1.4 Let assignment for LaTeX macros (HO)
Package: hopatch 2012/05/28 v1.2 Wrapper for package hooks (HO)
Package: xcolor-patch 2011/01/30 xcolor patch
Package: atveryend 2011/06/30 v1.8 Hooks at the very end of document (HO)
Package atveryend Info: \enddocument detected (standard20110627).
Package: atbegshi 2011/10/05 v1.16 At begin shipout hook (HO)
Package: refcount 2011/10/16 v3.4 Data extraction from label references (HO)
Package: hycolor 2011/01/30 v1.7 Color options for hyperref/bookmark (HO)
)
(/usr/share/texlive/texmf-dist/tex/generic/ifxetex/ifxetex.sty
Package: ifxetex 2010/09/12 v0.6 Provides ifxetex conditional
)
(/usr/share/texlive/texmf-dist/tex/latex/oberdiek/auxhook.sty
Package: auxhook 2011/03/04 v1.3 Hooks for auxiliary files (HO)
)
(/usr/share/texlive/texmf-dist/tex/latex/oberdiek/kvoptions.sty
Package: kvoptions 2011/06/30 v3.11 Key value format for package options (HO)
)
\@linkdim=\dimen103
\Hy@linkcounter=\count94
\Hy@pagecounter=\count95

(/usr/share/texlive/texmf-dist/tex/latex/hyperref/pd1enc.def
File: pd1enc.def 2012/11/06 v6.83m Hyperref: PDFDocEncoding definition (HO)
)
\Hy@SavedSpaceFactor=\count96

(/usr/share/texlive/texmf-dist/tex/latex/latexconfig/hyperref.cfg
File: hyperref.cfg 2002/06/06 v1.2 hyperref configuration of TeXLive
)
Package hyperref Info: Option `pdfpagelabels' set `true' on input line 4319.
Package hyperref Info: Option `plainpages' set `false' on input line 4319.
Package hyperref Info: Option `colorlinks' set `true' on input line 4319.
Package hyperref Info: Option `bookmarks' set `true' on input line 4319.
Package hyperref Info: Hyper figures OFF on input line 4443.
Package hyperref Info: Link nesting OFF on input line 4448.
Package hyperref Info: Hyper index ON on input line 4451.
Package hyperref Info: Plain pages OFF on input line 4458.
Package hyperref Info: Backreferencing ON on input line 4461.
Package hyperref Info: Implicit mode ON; LaTeX internals redefined.
Package hyperref Info: Bookmarks ON on input line 4688.

(/usr/share/texlive/texmf-dist/tex/latex/hyperref/backref.sty
Package: backref 2012/07/25 v1.38 Bibliographical back referencing

(/usr/share/texlive/texmf-dist/tex/latex/oberdiek/rerunfilecheck.sty
Package: rerunfilecheck 2011/04/15 v1.7 Rerun checks for auxiliary files (HO)
Package uniquecounter Info: New unique counter `rerunfilecheck' on input line 2
82.
))
\c@Hy@tempcnt=\count97

(/usr/share/texlive/texmf-dist/tex/latex/url/url.sty
\Urlmuskip=\muskip10
Package: url 2013/09/16  ver 3.4  Verb mode for urls, etc.
)
LaTeX Info: Redefining \url on input line 5041.
\XeTeXLinkMargin=\dimen104
\Fld@menulength=\count98
\Field@Width=\dimen105
\Fld@charsize=\dimen106
Package hyperref Info: Hyper figures OFF on input line 6295.
Package hyperref Info: Link nesting OFF on input line 6300.
Package hyperref Info: Hyper index ON on input line 6303.
Package hyperref Info: backreferencing ON on input line 6308.
Package hyperref Info: Link coloring ON on input line 6313.
Package hyperref Info: Link coloring with OCG OFF on input line 6320.
Package hyperref Info: PDF/A mode OFF on input line 6325.
LaTeX Info: Redefining \ref on input line 6365.
LaTeX Info: Redefining \pageref on input line 6369.
\Hy@abspage=\count99
\c@Item=\count100
\c@Hfootnote=\count101
)

Package hyperref Message: Driver (autodetected): hpdftex.

(/usr/share/texlive/texmf-dist/tex/latex/hyperref/hpdftex.def
File: hpdftex.def 2012/11/06 v6.83m Hyperref driver for pdfTeX
\Fld@listcount=\count102
\c@bookmark@seq@number=\count103
\Hy@SectionHShift=\skip48
)
(/usr/share/texlive/texmf-dist/tex/latex/booktabs/booktabs.sty
Package: booktabs 2005/04/14 v1.61803 publication quality tables
\heavyrulewidth=\dimen107
\lightrulewidth=\dimen108
\cmidrulewidth=\dimen109
\belowrulesep=\dimen110
\belowbottomsep=\dimen111
\aboverulesep=\dimen112
\abovetopsep=\dimen113
\cmidrulesep=\dimen114
\cmidrulekern=\dimen115
\defaultaddspace=\dimen116
\@cmidla=\count104
\@cmidlb=\count105
\@aboverulesep=\dimen117
\@belowrulesep=\dimen118
\@thisruleclass=\count106
\@lastruleclass=\count107
\@thisrulewidth=\dimen119
)
(/usr/share/texlive/texmf-dist/tex/latex/float/float.sty
Package: float 2001/11/08 v1.3d Float enhancements (AL)
\c@float@type=\count108
\float@exts=\toks16
\float@box=\box27
\@float@everytoks=\toks17
\@floatcapt=\box28
)
(/usr/share/texlive/texmf-dist/tex/latex/graphics/graphicx.sty
Package: graphicx 2014/10/28 v1.0g Enhanced LaTeX Graphics (DPC,SPQR)

(/usr/share/texlive/texmf-dist/tex/latex/graphics/graphics.sty
Package: graphics 2016/01/03 v1.0q Standard LaTeX Graphics (DPC,SPQR)

(/usr/share/texlive/texmf-dist/tex/latex/graphics/trig.sty
Package: trig 2016/01/03 v1.10 sin cos tan (DPC)
)
(/usr/share/texlive/texmf-dist/tex/latex/latexconfig/graphics.cfg
File: graphics.cfg 2010/04/23 v1.9 graphics configuration of TeX Live
)
Package graphics Info: Driver file: pdftex.def on input line 95.

(/usr/share/texlive/texmf-dist/tex/latex/pdftex-def/pdftex.def
File: pdftex.def 2011/05/27 v0.06d Graphics/color for pdfTeX
\Gread@gobject=\count109
))
\Gin@req@height=\dimen120
\Gin@req@width=\dimen121
)
(/usr/share/texlive/texmf-dist/tex/latex/lipsum/lipsum.sty
Package: lipsum 2014/07/27 v1.3 150 paragraphs of Lorem Ipsum dummy text
\c@lips@count=\count110
) (./lab_book_1.aux

LaTeX Warning: Label `fig:fig10' multiply defined.


LaTeX Warning: Label `fig:fig11' multiply defined.


LaTeX Warning: Label `fig:fig12' multiply defined.


LaTeX Warning: Label `fig:fig13' multiply defined.


LaTeX Warning: Label `fig:fig1' multiply defined.


LaTeX Warning: Label `fig:fig1' multiply defined.


LaTeX Warning: Label `tab:Measurements and files' multiply defined.


LaTeX Warning: Label `tab:Measurements and files' multiply defined.


LaTeX Warning: Label `tab:Measurements and files' multiply defined.


LaTeX Warning: Label `tab:Measurements and files' multiply defined.


LaTeX Warning: Label `tab:Measurements and files' multiply defined.


LaTeX Warning: Label `tab:Measurements and files' multiply defined.


LaTeX Warning: Label `tab:Measurements and files' multiply defined.


LaTeX Warning: Label `tab:Measurements and files' multiply defined.

)
\openout1 = `lab_book_1.aux'.

LaTeX Font Info:    Checking defaults for OML/cmm/m/it on input line 32.
LaTeX Font Info:    ... okay on input line 32.
LaTeX Font Info:    Checking defaults for T1/cmr/m/n on input line 32.
LaTeX Font Info:    ... okay on input line 32.
LaTeX Font Info:    Checking defaults for OT1/cmr/m/n on input line 32.
LaTeX Font Info:    ... okay on input line 32.
LaTeX Font Info:    Checking defaults for OMS/cmsy/m/n on input line 32.
LaTeX Font Info:    ... okay on input line 32.
LaTeX Font Info:    Checking defaults for OMX/cmex/m/n on input line 32.
LaTeX Font Info:    ... okay on input line 32.
LaTeX Font Info:    Checking defaults for U/cmr/m/n on input line 32.
LaTeX Font Info:    ... okay on input line 32.
LaTeX Font Info:    Checking defaults for PD1/pdf/m/n on input line 32.
LaTeX Font Info:    ... okay on input line 32.
\AtBeginShipoutBox=\box29
 (/usr/share/texlive/texmf-dist/tex/latex/graphics/color.sty
Package: color 2016/01/03 v1.1b Standard LaTeX Color (DPC)

(/usr/share/texlive/texmf-dist/tex/latex/latexconfig/color.cfg
File: color.cfg 2007/01/18 v1.5 color configuration of teTeX/TeXLive
)
Package color Info: Driver file: pdftex.def on input line 143.
)
Package hyperref Info: Link coloring ON on input line 32.

(/usr/share/texlive/texmf-dist/tex/latex/hyperref/nameref.sty
Package: nameref 2012/10/27 v2.43 Cross-referencing by name of section

(/usr/share/texlive/texmf-dist/tex/generic/oberdiek/gettitlestring.sty
Package: gettitlestring 2010/12/03 v1.4 Cleanup title references (HO)
)
\c@section@level=\count111
)
LaTeX Info: Redefining \ref on input line 32.
LaTeX Info: Redefining \pageref on input line 32.
LaTeX Info: Redefining \nameref on input line 32.

(./lab_book_1.out) (./lab_book_1.out)
\@outlinefile=\write4
\openout4 = `lab_book_1.out'.


(/usr/share/texlive/texmf-dist/tex/context/base/supp-pdf.mkii
[Loading MPS to PDF converter (version 2006.09.02).]
\scratchcounter=\count112
\scratchdimen=\dimen122
\scratchbox=\box30
\nofMPsegments=\count113
\nofMParguments=\count114
\everyMPshowfont=\toks18
\MPscratchCnt=\count115
\MPscratchDim=\dimen123
\MPnumerator=\count116
\makeMPintoPDFobject=\count117
\everyMPtoPDFconversion=\toks19
) (/usr/share/texlive/texmf-dist/tex/latex/oberdiek/epstopdf-base.sty
Package: epstopdf-base 2010/02/09 v2.5 Base part for package epstopdf

(/usr/share/texlive/texmf-dist/tex/latex/oberdiek/grfext.sty
Package: grfext 2010/08/19 v1.1 Manage graphics extensions (HO)
)
Package grfext Info: Graphics extension search list:
(grfext)             [.png,.pdf,.jpg,.mps,.jpeg,.jbig2,.jb2,.PNG,.PDF,.JPG,.JPE
G,.JBIG2,.JB2,.eps]
(grfext)             \AppendGraphicsExtensions on input line 452.

(/usr/share/texlive/texmf-dist/tex/latex/latexconfig/epstopdf-sys.cfg
File: epstopdf-sys.cfg 2010/07/13 v1.3 Configuration of (r)epstopdf for TeX Liv
e
))
LaTeX Font Info:    External font `cmex10' loaded for size
(Font)              <14.4> on input line 49.
LaTeX Font Info:    External font `cmex10' loaded for size
(Font)              <7> on input line 49.

[1




{/var/lib/texmf/fonts/map/pdftex/updmap/pdftex.map}] (./lab_book_1.toc
LaTeX Font Info:    External font `cmex10' loaded for size
(Font)              <10.95> on input line 2.
LaTeX Font Info:    External font `cmex10' loaded for size
(Font)              <8> on input line 2.
LaTeX Font Info:    External font `cmex10' loaded for size
(Font)              <6> on input line 2.

[2

])
\tf@toc=\write5
\openout5 = `lab_book_1.toc'.

 [3]
chapter without number

Class scrbook Warning: \float@addtolists detected!
(scrbook)              Implementation of \float@addtolist became
(scrbook)              deprecated in KOMA-Script v3.01 2008/11/14 and
(scrbook)              has been replaced by several more flexible
(scrbook)              features of package `tocbasic`.
(scrbook)              Since Version 3.12 support for deprecated
(scrbook)              \float@addtolist interface has been
(scrbook)              restricted to only some of the KOMA-Script
(scrbook)              features and been removed from others.
(scrbook)              Loading of package `scrhack' may help to
(scrbook)              avoid this warning, if you are using a
(scrbook)              a package that still implements the
(scrbook)              deprecated \float@addtolist interface .

[1


pdfTeX warning (ext4): destination with the same identifier (name{figure.1.1}) 
has been already used, duplicate ignored

\AtBegShi@Output ...ipout \box \AtBeginShipoutBox 
                                                  \fi \fi 
l.98 ...ebruary 2018, Transport measurements HgTe}
                                                  ]
chapter without number
[2

pdfTeX warning (ext4): destination with the same identifier (name{table.2.1}) h
as been already used, duplicate ignored

\AtBegShi@Output ...ipout \box \AtBeginShipoutBox 
                                                  \fi \fi 
l.128 ... March 2018, 746 $Bi_2Se_3$ measurements}
                                                  ]
chapter without number

Package hyperref Warning: Token not allowed in a PDF string (PDFDocEncoding):
(hyperref)                removing `math shift' on input line 128.


Package hyperref Warning: Token not allowed in a PDF string (PDFDocEncoding):
(hyperref)                removing `subscript' on input line 128.


Package hyperref Warning: Token not allowed in a PDF string (PDFDocEncoding):
(hyperref)                removing `subscript' on input line 128.


Package hyperref Warning: Token not allowed in a PDF string (PDFDocEncoding):
(hyperref)                removing `math shift' on input line 128.

LaTeX Font Info:    External font `cmex10' loaded for size
(Font)              <20.74> on input line 128.
LaTeX Font Info:    External font `cmex10' loaded for size
(Font)              <12> on input line 128.
<746.jpg, id=257, 2601.72pt x 1951.29pt>
File: 746.jpg Graphic file (type jpg)
 <use 746.jpg>
Package pdftex.def Info: 746.jpg used on input line 133.
(pdftex.def)             Requested size: 209.12778pt x 156.82097pt.

Underfull \hbox (badness 10000) in paragraph at lines 138--148

 []

Missing character: There is no â in font cmbx10!
Missing character: There is no € in font cmbx10!
Missing character: There is no ¢ in font cmbx10!
[3

pdfTeX warning (ext4): destination with the same identifier (name{figure.3.1}) 
has been already used, duplicate ignored

\AtBegShi@Output ...ipout \box \AtBeginShipoutBox 
                                                  \fi \fi 
l.165 T
       he resistance of between N5 and N-, $R_5>100K Ohm$, but it is not a p...
 <./746.jpg>]
Overfull \hbox (75.6pt too wide) in paragraph at lines 171--193
[][]
 []

<7462kRx(B).jpg, id=265, 563.10374pt x 421.575pt>
File: 7462kRx(B).jpg Graphic file (type jpg)
 <use 7462kRx(B).jpg>
Package pdftex.def Info: 7462kRx(B).jpg used on input line 206.
(pdftex.def)             Requested size: 418.25555pt x 313.13136pt.

Underfull \hbox (badness 10000) in paragraph at lines 198--210

 []

[4pdfTeX warning (ext4): destination with the same identifier (name{table.3.1})
 has been already used, duplicate ignored

\AtBegShi@Output ...ipout \box \AtBeginShipoutBox 
                                                  \fi \fi 
l.210 \end{figure}
                  pdfTeX warning (ext4): destination with the same identifier (
name{table.3.2}) has been already used, duplicate ignored

\AtBegShi@Output ...ipout \box \AtBeginShipoutBox 
                                                  \fi \fi 
l.210 \end{figure}
                  ] <7462kRy(B).jpg, id=273, 563.10374pt x 421.575pt>
File: 7462kRy(B).jpg Graphic file (type jpg)

<use 7462kRy(B).jpg>
Package pdftex.def Info: 7462kRy(B).jpg used on input line 214.
(pdftex.def)             Requested size: 418.25555pt x 313.13136pt.
 [5pdfTeX warning (ext4): destination with the same identifier (name{figure.3.2
}) has been already used, duplicate ignored

\AtBegShi@Output ...ipout \box \AtBeginShipoutBox 
                                                  \fi \fi 
l.219 
       <./7462kRx(B).jpg>] <7462kRox.jpg, id=279, 563.10374pt x 421.575pt>
File: 7462kRox.jpg Graphic file (type jpg)

<use 7462kRox.jpg>
Package pdftex.def Info: 7462kRox.jpg used on input line 222.
(pdftex.def)             Requested size: 418.25555pt x 313.13136pt.
 [6pdfTeX warning (ext4): destination with the same identifier (name{figure.3.3
}) has been already used, duplicate ignored

\AtBegShi@Output ...ipout \box \AtBeginShipoutBox 
                                                  \fi \fi 
l.227 
       <./7462kRy(B).jpg>] <7462kRoy.jpg, id=285, 563.10374pt x 421.575pt>
File: 7462kRoy.jpg Graphic file (type jpg)

<use 7462kRoy.jpg>
Package pdftex.def Info: 7462kRoy.jpg used on input line 231.
(pdftex.def)             Requested size: 418.25555pt x 313.13136pt.
 [7pdfTeX warning (ext4): destination with the same identifier (name{figure.3.4
}) has been already used, duplicate ignored

\AtBegShi@Output ...ipout \box \AtBeginShipoutBox 
                                                  \fi \fi 
l.236 
       <./7462kRox.jpg>] <7464kRx(B).jpg, id=291, 563.10374pt x 421.575pt>
File: 7464kRx(B).jpg Graphic file (type jpg)

<use 7464kRx(B).jpg>
Package pdftex.def Info: 7464kRx(B).jpg used on input line 250.
(pdftex.def)             Requested size: 418.25555pt x 313.13136pt.

Underfull \hbox (badness 10000) in paragraph at lines 239--254

 []


Underfull \hbox (badness 10000) in paragraph at lines 239--254

 []

[8pdfTeX warning (ext4): destination with the same identifier (name{figure.3.5}
) has been already used, duplicate ignored

\AtBegShi@Output ...ipout \box \AtBeginShipoutBox 
                                                  \fi \fi 
l.255 
       <./7462kRoy.jpg>] <7464kRy(B).jpg, id=299, 563.10374pt x 421.575pt>
File: 7464kRy(B).jpg Graphic file (type jpg)

<use 7464kRy(B).jpg>
Package pdftex.def Info: 7464kRy(B).jpg used on input line 258.
(pdftex.def)             Requested size: 418.25555pt x 313.13136pt.
 [9pdfTeX warning (ext4): destination with the same identifier (name{figure.3.6
}) has been already used, duplicate ignored

\AtBegShi@Output ...ipout \box \AtBeginShipoutBox 
                                                  \fi \fi 
l.263 
       <./7464kRx(B).jpg>] <7464kRoxx.jpg, id=305, 563.10374pt x 421.575pt>
File: 7464kRoxx.jpg Graphic file (type jpg)

<use 7464kRoxx.jpg>
Package pdftex.def Info: 7464kRoxx.jpg used on input line 266.
(pdftex.def)             Requested size: 418.25555pt x 313.13136pt.
 [10pdfTeX warning (ext4): destination with the same identifier (name{figure.3.
7}) has been already used, duplicate ignored

\AtBegShi@Output ...ipout \box \AtBeginShipoutBox 
                                                  \fi \fi 
l.271 
       <./7464kRy(B).jpg>] <7464kRoxy.jpg, id=312, 563.10374pt x 421.575pt>
File: 7464kRoxy.jpg Graphic file (type jpg)

<use 7464kRoxy.jpg>
Package pdftex.def Info: 7464kRoxy.jpg used on input line 275.
(pdftex.def)             Requested size: 418.25555pt x 313.13136pt.
 [11pdfTeX warning (ext4): destination with the same identifier (name{figure.3.
8}) has been already used, duplicate ignored

\AtBegShi@Output ...ipout \box \AtBeginShipoutBox 
                                                  \fi \fi 
l.280 
       <./7464kRoxx.jpg>]
Underfull \hbox (badness 10000) in paragraph at lines 281--289

 []


Underfull \hbox (badness 10000) in paragraph at lines 281--289

 []

<7468kRx(B).jpg, id=319, 563.10374pt x 421.575pt>
File: 7468kRx(B).jpg Graphic file (type jpg)
 <use 7468kRx(B).jpg>
Package pdftex.def Info: 7468kRx(B).jpg used on input line 294.
(pdftex.def)             Requested size: 418.25555pt x 313.13136pt.

Underfull \hbox (badness 10000) in paragraph at lines 291--298

 []

[12pdfTeX warning (ext4): destination with the same identifier (name{figure.3.9
}) has been already used, duplicate ignored

\AtBegShi@Output ...ipout \box \AtBeginShipoutBox 
                                                  \fi \fi 
l.299 
       <./7464kRoxy.jpg>] <7468kRy(B).jpg, id=325, 563.10374pt x 421.575pt>
File: 7468kRy(B).jpg Graphic file (type jpg)

<use 7468kRy(B).jpg>
Package pdftex.def Info: 7468kRy(B).jpg used on input line 302.
(pdftex.def)             Requested size: 418.25555pt x 313.13136pt.
 [13pdfTeX warning (ext4): destination with the same identifier (name{figure.3.
10}) has been already used, duplicate ignored

\AtBegShi@Output ...ipout \box \AtBeginShipoutBox 
                                                  \fi \fi 
l.307 
       <./7468kRx(B).jpg>] <7468kRox.jpg, id=331, 563.10374pt x 415.5525pt>
File: 7468kRox.jpg Graphic file (type jpg)

<use 7468kRox.jpg>
Package pdftex.def Info: 7468kRox.jpg used on input line 310.
(pdftex.def)             Requested size: 418.25555pt x 308.65807pt.
 [14pdfTeX warning (ext4): destination with the same identifier (name{figure.3.
11}) has been already used, duplicate ignored

\AtBegShi@Output ...ipout \box \AtBeginShipoutBox 
                                                  \fi \fi 
l.315 
       <./7468kRy(B).jpg>] <7468kRoxy.jpg, id=337, 563.10374pt x 421.575pt>
File: 7468kRoxy.jpg Graphic file (type jpg)

<use 7468kRoxy.jpg>
Package pdftex.def Info: 7468kRoxy.jpg used on input line 319.
(pdftex.def)             Requested size: 418.25555pt x 313.13136pt.
 [15pdfTeX warning (ext4): destination with the same identifier (name{figure.3.
12}) has been already used, duplicate ignored

\AtBegShi@Output ...ipout \box \AtBeginShipoutBox 
                                                  \fi \fi 
l.324 
       <./7468kRox.jpg>] <74616kRx(B).jpg, id=343, 563.10374pt x 421.575pt>
File: 74616kRx(B).jpg Graphic file (type jpg)

<use 74616kRx(B).jpg>
Package pdftex.def Info: 74616kRx(B).jpg used on input line 337.
(pdftex.def)             Requested size: 418.25555pt x 313.13136pt.

Underfull \hbox (badness 10000) in paragraph at lines 325--341

 []


Underfull \hbox (badness 10000) in paragraph at lines 325--341

 []


Underfull \hbox (badness 10000) in paragraph at lines 325--341

 []

[16pdfTeX warning (ext4): destination with the same identifier (name{figure.3.1
3}) has been already used, duplicate ignored

\AtBegShi@Output ...ipout \box \AtBeginShipoutBox 
                                                  \fi \fi 
l.342 
       <./7468kRoxy.jpg>] <74616kRox.jpg, id=350, 563.10374pt x 421.575pt>
File: 74616kRox.jpg Graphic file (type jpg)

<use 74616kRox.jpg>
Package pdftex.def Info: 74616kRox.jpg used on input line 346.
(pdftex.def)             Requested size: 418.25555pt x 313.13136pt.
 [17pdfTeX warning (ext4): destination with the same identifier (name{figure.3.
14}) has been already used, duplicate ignored

\AtBegShi@Output ...ipout \box \AtBeginShipoutBox 
                                                  \fi \fi 
l.351 
       <./74616kRx(B).jpg>] <74616kRoxy.jpg, id=356, 563.10374pt x 421.575pt>
File: 74616kRoxy.jpg Graphic file (type jpg)

<use 74616kRoxy.jpg>
Package pdftex.def Info: 74616kRoxy.jpg used on input line 355.
(pdftex.def)             Requested size: 418.25555pt x 313.13136pt.
 [18pdfTeX warning (ext4): destination with the same identifier (name{figure.3.
15}) has been already used, duplicate ignored

\AtBegShi@Output ...ipout \box \AtBeginShipoutBox 
                                                  \fi \fi 
l.360 \normalsize \textbf{16Kelv}
                                 \\ <./74616kRox.jpg>]
<74632kRx(B).jpg, id=362, 563.10374pt x 421.575pt>
File: 74632kRx(B).jpg Graphic file (type jpg)
 <use 74632kRx(B).jpg>
Package pdftex.def Info: 74632kRx(B).jpg used on input line 372.
(pdftex.def)             Requested size: 418.25555pt x 313.13136pt.

Underfull \hbox (badness 10000) in paragraph at lines 360--376

 []


Underfull \hbox (badness 10000) in paragraph at lines 360--376

 []


Underfull \hbox (badness 10000) in paragraph at lines 360--376

 []

[19pdfTeX warning (ext4): destination with the same identifier (name{figure.3.1
6}) has been already used, duplicate ignored

\AtBegShi@Output ...ipout \box \AtBeginShipoutBox 
                                                  \fi \fi 
l.377 
       <./74616kRoxy.jpg>] <74632kRy(B).jpg, id=368, 563.10374pt x 421.575pt>
File: 74632kRy(B).jpg Graphic file (type jpg)

<use 74632kRy(B).jpg>
Package pdftex.def Info: 74632kRy(B).jpg used on input line 380.
(pdftex.def)             Requested size: 418.25555pt x 313.13136pt.
 [20pdfTeX warning (ext4): destination with the same identifier (name{figure.3.
17}) has been already used, duplicate ignored

\AtBegShi@Output ...ipout \box \AtBeginShipoutBox 
                                                  \fi \fi 
l.385 
       <./74632kRx(B).jpg>] <74632kRox.jpg, id=374, 563.10374pt x 421.575pt>
File: 74632kRox.jpg Graphic file (type jpg)

<use 74632kRox.jpg>
Package pdftex.def Info: 74632kRox.jpg used on input line 388.
(pdftex.def)             Requested size: 418.25555pt x 313.13136pt.
 [21pdfTeX warning (ext4): destination with the same identifier (name{figure.3.
18}) has been already used, duplicate ignored

\AtBegShi@Output ...ipout \box \AtBeginShipoutBox 
                                                  \fi \fi 
l.393 
       <./74632kRy(B).jpg>] <74632kRoxy.jpg, id=380, 563.10374pt x 421.575pt>
File: 74632kRoxy.jpg Graphic file (type jpg)

<use 74632kRoxy.jpg>
Package pdftex.def Info: 74632kRoxy.jpg used on input line 397.
(pdftex.def)             Requested size: 418.25555pt x 313.13136pt.
 [22pdfTeX warning (ext4): destination with the same identifier (name{figure.3.
19}) has been already used, duplicate ignored

\AtBegShi@Output ...ipout \box \AtBeginShipoutBox 
                                                  \fi \fi 
l.402 \normalsize \textbf{32Kelv}
                                 \\ <./74632kRox.jpg>]
Underfull \hbox (badness 10000) in paragraph at lines 402--409

 []

[23pdfTeX warning (ext4): destination with the same identifier (name{figure.3.2
0}) has been already used, duplicate ignored

\AtBegShi@Output ...ipout \box \AtBeginShipoutBox 
                                                  \fi \fi 
l.412 ...easurements 747 $Bi_2Se_3$ doped with Sr}
                                                   <./74632kRoxy.jpg>]
chapter without number

Package hyperref Warning: Token not allowed in a PDF string (PDFDocEncoding):
(hyperref)                removing `math shift' on input line 412.


Package hyperref Warning: Token not allowed in a PDF string (PDFDocEncoding):
(hyperref)                removing `subscript' on input line 412.


Package hyperref Warning: Token not allowed in a PDF string (PDFDocEncoding):
(hyperref)                removing `subscript' on input line 412.


Package hyperref Warning: Token not allowed in a PDF string (PDFDocEncoding):
(hyperref)                removing `math shift' on input line 412.

<747.jpg, id=393, 2601.72pt x 1951.29pt>
File: 747.jpg Graphic file (type jpg)
 <use 747.jpg>
Package pdftex.def Info: 747.jpg used on input line 424.
(pdftex.def)             Requested size: 209.12778pt x 156.82097pt.

Underfull \hbox (badness 10000) in paragraph at lines 414--428

 []

<747schematic.jpg, id=394, 722.7pt x 963.6pt>
File: 747schematic.jpg Graphic file (type jpg)
 <use 747schematic.jpg>
Package pdftex.def Info: 747schematic.jpg used on input line 431.
(pdftex.def)             Requested size: 209.12778pt x 278.834pt.
 [24

pdfTeX warning (ext4): destination with the same identifier (name{figure.4.1}) 
has been already used, duplicate ignored

\AtBegShi@Output ...ipout \box \AtBeginShipoutBox 
                                                  \fi \fi 
l.436 G
       eometrical parametr $\frac{S}{l}=0.1759\pm0.014$ <./747.jpg>]
Missing character: There is no â in font cmbx10!
Missing character: There is no € in font cmbx10!
Missing character: There is no ¢ in font cmbx10!

Overfull \hbox (3.37013pt too wide) in paragraph at lines 439--451
[][]
 []


Underfull \hbox (badness 10000) in paragraph at lines 436--453

 []


Overfull \hbox (68.90833pt too wide) in paragraph at lines 459--478
[][]
 []

[25pdfTeX warning (ext4): destination with the same identifier (name{figure.4.2
}) has been already used, duplicate ignored

\AtBegShi@Output ...ipout \box \AtBeginShipoutBox 
                                                  \fi \fi 
l.481 C
       OM1: I have changedpdfTeX warning (ext4): destination with the same iden
tifier (name{table.4.1}) has been already used, duplicate ignored

\AtBegShi@Output ...ipout \box \AtBeginShipoutBox 
                                                  \fi \fi 
l.481 C
       OM1: I have changed <./747schematic.jpg>] [26pdfTeX warning (ext4): dest
ination with the same identifier (name{table.4.2}) has been already used, dupli
cate ignored

\AtBegShi@Output ...ipout \box \AtBeginShipoutBox 
                                                  \fi \fi 
l.487 ...ocalisation 746 $Bi_2Se_3$ doped with Sr}
                                                  ]
chapter without number

Package hyperref Warning: Token not allowed in a PDF string (PDFDocEncoding):
(hyperref)                removing `math shift' on input line 487.


Package hyperref Warning: Token not allowed in a PDF string (PDFDocEncoding):
(hyperref)                removing `subscript' on input line 487.


Package hyperref Warning: Token not allowed in a PDF string (PDFDocEncoding):
(hyperref)                removing `subscript' on input line 487.


Package hyperref Warning: Token not allowed in a PDF string (PDFDocEncoding):
(hyperref)                removing `math shift' on input line 487.


Overfull \hbox (44.92412pt too wide) in paragraph at lines 494--505
[][]
 []


Overfull \hbox (41.27419pt too wide) in paragraph at lines 510--522
[][]
 []

[27

pdfTeX warning (ext4): destination with the same identifier (name{table.5.1}) h
as been already used, duplicate ignored

\AtBegShi@Output ...ipout \box \AtBeginShipoutBox 
                                                  \fi \fi 
l.543 \labday
             { ??? 2018, Transport mesuarments SOT 400}pdfTeX warning (ext4): d
estination with the same identifier (name{table.5.2}) has been already used, du
plicate ignored

\AtBegShi@Output ...ipout \box \AtBeginShipoutBox 
                                                  \fi \fi 
l.543 \labday
             { ??? 2018, Transport mesuarments SOT 400}] [28pdfTeX warning (ext
4): destination with the same identifier (name{table.5.3}) has been already use
d, duplicate ignored

\AtBegShi@Output ...ipout \box \AtBeginShipoutBox 
                                                  \fi \fi 
l.543 ... ??? 2018, Transport mesuarments SOT 400}
                                                  ]
chapter without number
Missing character: There is no â in font cmbx10!
Missing character: There is no € in font cmbx10!
Missing character: There is no ¢ in font cmbx10!

Overfull \hbox (3.37013pt too wide) in paragraph at lines 550--562
[][]
 []


Underfull \hbox (badness 10000) in paragraph at lines 545--564

 []

[29

pdfTeX warning (ext4): destination with the same identifier (name{table.6.1}) h
as been already used, duplicate ignored

\AtBegShi@Output ...ipout \box \AtBeginShipoutBox 
                                                  \fi \fi 
l.569 ...asurements 757A $Bi_2Se_3$ doped with Sr}
                                                  ]
chapter without number

Package hyperref Warning: Token not allowed in a PDF string (PDFDocEncoding):
(hyperref)                removing `math shift' on input line 569.


Package hyperref Warning: Token not allowed in a PDF string (PDFDocEncoding):
(hyperref)                removing `subscript' on input line 569.


Package hyperref Warning: Token not allowed in a PDF string (PDFDocEncoding):
(hyperref)                removing `subscript' on input line 569.


Package hyperref Warning: Token not allowed in a PDF string (PDFDocEncoding):
(hyperref)                removing `math shift' on input line 569.


Overfull \hbox (58.91588pt too wide) in paragraph at lines 576--599
[][]
 []


Underfull \hbox (badness 10000) in paragraph at lines 604--614

 []


Underfull \hbox (badness 10000) in paragraph at lines 604--614

 []

[30

pdfTeX warning (ext4): destination with the same identifier (name{table.7.1}) h
as been already used, duplicate ignored

\AtBegShi@Output ...ipout \box \AtBeginShipoutBox 
                                                  \fi \fi 
l.614 
      ]
Underfull \hbox (badness 10000) in paragraph at lines 615--623

 []


Underfull \hbox (badness 10000) in paragraph at lines 615--623

 []


Underfull \hbox (badness 10000) in paragraph at lines 625--633

 []


Underfull \hbox (badness 10000) in paragraph at lines 625--633

 []


Underfull \hbox (badness 10000) in paragraph at lines 634--642

 []


Underfull \hbox (badness 10000) in paragraph at lines 634--642

 []


Underfull \hbox (badness 10000) in paragraph at lines 643--651

 []


Underfull \hbox (badness 10000) in paragraph at lines 643--651

 []

[31]
chapter without number

Package hyperref Warning: Token not allowed in a PDF string (PDFDocEncoding):
(hyperref)                removing `math shift' on input line 654.


Package hyperref Warning: Token not allowed in a PDF string (PDFDocEncoding):
(hyperref)                removing `subscript' on input line 654.


Package hyperref Warning: Token not allowed in a PDF string (PDFDocEncoding):
(hyperref)                removing `subscript' on input line 654.


Package hyperref Warning: Token not allowed in a PDF string (PDFDocEncoding):
(hyperref)                removing `math shift' on input line 654.


Overfull \hbox (72.55833pt too wide) in paragraph at lines 661--678
[][]
 []


Underfull \hbox (badness 10000) in paragraph at lines 684--694

 []


Underfull \hbox (badness 10000) in paragraph at lines 684--694

 []


Underfull \hbox (badness 10000) in paragraph at lines 695--703

 []


Underfull \hbox (badness 10000) in paragraph at lines 695--703

 []

[32

pdfTeX warning (ext4): destination with the same identifier (name{table.8.1}) h
as been already used, duplicate ignored

\AtBegShi@Output ...ipout \box \AtBeginShipoutBox 
                                                  \fi \fi 
l.703 
      ]
Underfull \hbox (badness 10000) in paragraph at lines 705--709

 []


Underfull \hbox (badness 10000) in paragraph at lines 705--709

 []


Underfull \hbox (badness 10000) in paragraph at lines 711--715

 []


Underfull \hbox (badness 10000) in paragraph at lines 711--715

 []


Underfull \hbox (badness 10000) in paragraph at lines 716--720

 []


Underfull \hbox (badness 10000) in paragraph at lines 716--720

 []

[33]
chapter without number

Package hyperref Warning: Token not allowed in a PDF string (PDFDocEncoding):
(hyperref)                removing `math shift' on input line 725.


Package hyperref Warning: Token not allowed in a PDF string (PDFDocEncoding):
(hyperref)                removing `subscript' on input line 725.


Package hyperref Warning: Token not allowed in a PDF string (PDFDocEncoding):
(hyperref)                removing `subscript' on input line 725.


Package hyperref Warning: Token not allowed in a PDF string (PDFDocEncoding):
(hyperref)                removing `math shift' on input line 725.


Overfull \hbox (74.99167pt too wide) in paragraph at lines 732--757
[][]
 []


Underfull \hbox (badness 10000) in paragraph at lines 763--773

 []


Underfull \hbox (badness 10000) in paragraph at lines 763--773

 []

[34

pdfTeX warning (ext4): destination with the same identifier (name{table.9.1}) h
as been already used, duplicate ignored

\AtBegShi@Output ...ipout \box \AtBeginShipoutBox 
                                                  \fi \fi 
l.774 \normalsize \textbf{32Kelv}
                                 \\]
Underfull \hbox (badness 10000) in paragraph at lines 774--782

 []


Underfull \hbox (badness 10000) in paragraph at lines 774--782

 []

[35]
chapter without number

Package hyperref Warning: Token not allowed in a PDF string (PDFDocEncoding):
(hyperref)                removing `math shift' on input line 785.


Package hyperref Warning: Token not allowed in a PDF string (PDFDocEncoding):
(hyperref)                removing `subscript' on input line 785.


Package hyperref Warning: Token not allowed in a PDF string (PDFDocEncoding):
(hyperref)                removing `subscript' on input line 785.


Package hyperref Warning: Token not allowed in a PDF string (PDFDocEncoding):
(hyperref)                removing `math shift' on input line 785.


Overfull \hbox (38.15704pt too wide) in paragraph at lines 792--813
[][]
 []


Underfull \hbox (badness 10000) in paragraph at lines 819--821

 []


Underfull \hbox (badness 10000) in paragraph at lines 822--830

 []


Underfull \hbox (badness 10000) in paragraph at lines 822--830

 []


Underfull \hbox (badness 10000) in paragraph at lines 832--840

 []


Underfull \hbox (badness 10000) in paragraph at lines 832--840

 []

[36

pdfTeX warning (ext4): destination with the same identifier (name{table.10.1}) 
has been already used, duplicate ignored

\AtBegShi@Output ...ipout \box \AtBeginShipoutBox 
                                                  \fi \fi 
l.840 
      ]
Underfull \hbox (badness 10000) in paragraph at lines 841--849

 []


Underfull \hbox (badness 10000) in paragraph at lines 841--849

 []

[37]
chapter without number

Package hyperref Warning: Token not allowed in a PDF string (PDFDocEncoding):
(hyperref)                removing `math shift' on input line 852.


Package hyperref Warning: Token not allowed in a PDF string (PDFDocEncoding):
(hyperref)                removing `subscript' on input line 852.


Package hyperref Warning: Token not allowed in a PDF string (PDFDocEncoding):
(hyperref)                removing `subscript' on input line 852.


Package hyperref Warning: Token not allowed in a PDF string (PDFDocEncoding):
(hyperref)                removing `math shift' on input line 852.

Missing character: There is no â in font cmbx10!
Missing character: There is no € in font cmbx10!
Missing character: There is no ¢ in font cmbx10!

Underfull \hbox (badness 10000) in paragraph at lines 854--879

 []

Missing character: There is no â in font cmbx10!
Missing character: There is no € in font cmbx10!
Missing character: There is no ¢ in font cmbx10!

Overfull \hbox (19.32191pt too wide) in paragraph at lines 901--934
[][]
 []

[38

pdfTeX warning (ext4): destination with the same identifier (name{table.11.1}) 
has been already used, duplicate ignored

\AtBegShi@Output ...ipout \box \AtBeginShipoutBox 
                                                  \fi \fi 
l.937 *
       -problems with voltmeter the right temperature is only after 340K!pdfTeX
 warning (ext4): destination with the same identifier (name{table.11.2}) has be
en already used, duplicate ignored

\AtBegShi@Output ...ipout \box \AtBeginShipoutBox 
                                                  \fi \fi 
l.937 *
       -problems with voltmeter the right temperature is only after 340K!]
Underfull \hbox (badness 10000) in paragraph at lines 937--939

 []


Underfull \hbox (badness 10000) in paragraph at lines 941--952

 []


Underfull \hbox (badness 10000) in paragraph at lines 941--952

 []


Underfull \hbox (badness 10000) in paragraph at lines 941--952

 []


Underfull \hbox (badness 10000) in paragraph at lines 954--962

 []


Underfull \hbox (badness 10000) in paragraph at lines 954--962

 []

[39pdfTeX warning (ext4): destination with the same identifier (name{table.11.3
}) has been already used, duplicate ignored

\AtBegShi@Output ...ipout \box \AtBeginShipoutBox 
                                                  \fi \fi 
l.963 \normalsize \textbf{8Kelv}
                                \\]
Underfull \hbox (badness 10000) in paragraph at lines 963--971

 []


Underfull \hbox (badness 10000) in paragraph at lines 963--971

 []

[40]
chapter without number
[41

]
Underfull \hbox (badness 10000) in paragraph at lines 992--1009

 []


Underfull \hbox (badness 10000) in paragraph at lines 992--1009

 []


Underfull \hbox (badness 10000) in paragraph at lines 992--1009

 []

[42]
Underfull \hbox (badness 10000) in paragraph at lines 1021--1022

 []


Underfull \hbox (badness 10000) in paragraph at lines 1021--1022

 []


Underfull \hbox (badness 10000) in paragraph at lines 1023--1025

 []


Underfull \hbox (badness 10000) in paragraph at lines 1023--1025

 []


Underfull \hbox (badness 10000) in paragraph at lines 1023--1025

 []

Package atveryend Info: Empty hook `BeforeClearDocument' on input line 1034.
[43]
Package atveryend Info: Empty hook `AfterLastShipout' on input line 1034.
 (./lab_book_1.aux)
Package atveryend Info: Executing hook `AtVeryEndDocument' on input line 1034.
Package atveryend Info: Executing hook `AtEndAfterFileList' on input line 1034.

Package rerunfilecheck Info: File `lab_book_1.out' has not changed.
(rerunfilecheck)             Checksum: 37F97A4C585E6E506A0587FA5E09839E;3070.


LaTeX Warning: There were multiply-defined labels.

Package atveryend Info: Empty hook `AtVeryVeryEnd' on input line 1034.
 ) 
Here is how much of TeX's memory you used:
 7750 strings out of 494399
 120820 string characters out of 6172183
 374438 words of memory out of 5000000
 10832 multiletter control sequences out of 15000+600000
 12166 words of font info for 42 fonts, out of 8000000 for 9000
 452 hyphenation exceptions out of 8191
 47i,11n,68p,270b,383s stack positions out of 5000i,500n,10000p,200000b,80000s
</usr/share/texlive/texmf-dist/fonts/type1/public/amsfonts/cm/cmbx10.pfb></us
r/share/texlive/texmf-dist/fonts/type1/public/amsfonts/cm/cmbx12.pfb></usr/shar
e/texlive/texmf-dist/fonts/type1/public/amsfonts/cm/cmmi10.pfb></usr/share/texl
ive/texmf-dist/fonts/type1/public/amsfonts/cm/cmmi12.pfb></usr/share/texlive/te
xmf-dist/fonts/type1/public/amsfonts/cm/cmmi8.pfb></usr/share/texlive/texmf-dis
t/fonts/type1/public/amsfonts/cm/cmr10.pfb></usr/share/texlive/texmf-dist/fonts
/type1/public/amsfonts/cm/cmr12.pfb></usr/share/texlive/texmf-dist/fonts/type1/
public/amsfonts/cm/cmr17.pfb></usr/share/texlive/texmf-dist/fonts/type1/public/
amsfonts/cm/cmr6.pfb></usr/share/texlive/texmf-dist/fonts/type1/public/amsfonts
/cm/cmr8.pfb></usr/share/texlive/texmf-dist/fonts/type1/public/amsfonts/cm/cmsl
10.pfb></usr/share/texlive/texmf-dist/fonts/type1/public/amsfonts/cm/cmssbx10.p
fb></usr/share/texlive/texmf-dist/fonts/type1/public/amsfonts/cm/cmsy10.pfb></u
sr/share/texlive/texmf-dist/fonts/type1/public/amsfonts/cm/cmsy8.pfb>
Output written on lab_book_1.pdf (46 pages, 7305326 bytes).
PDF statistics:
 582 PDF objects out of 1000 (max. 8388607)
 493 compressed objects within 5 object streams
 142 named destinations out of 1000 (max. 500000)
 455 words of extra memory for PDF output out of 10000 (max. 10000000)

