\BOOKMARK [0][-]{chapter*.2}{1-12 February 2018, Sample preparation}{}% 1
\BOOKMARK [1][-]{experiment.1.1}{mesa-structure}{chapter*.2}% 2
\BOOKMARK [1][-]{experiment.1.2}{Gate}{chapter*.2}% 3
\BOOKMARK [1][-]{experiment.1.3}{Contacts}{chapter*.2}% 4
\BOOKMARK [0][-]{chapter*.3}{13-25 February 2018, Transport measurements HgTe}{}% 5
\BOOKMARK [1][-]{experiment.2.1}{Some theory notes}{chapter*.3}% 6
\BOOKMARK [1][-]{experiment.2.2}{Transport analysis}{chapter*.3}% 7
\BOOKMARK [1][-]{experiment.2.3}{This shows a sample table}{chapter*.3}% 8
\BOOKMARK [0][-]{chapter*.4}{14-22 March 2018, 746 Bi2Se3 measurements}{}% 9
\BOOKMARK [1][-]{experiment.3.1}{Sample 746}{chapter*.4}% 10
\BOOKMARK [1][-]{experiment.3.2}{Measurements}{chapter*.4}% 11
\BOOKMARK [1][-]{experiment.3.3}{Results}{chapter*.4}% 12
\BOOKMARK [0][-]{chapter*.5}{26, 28 March 2018, Transport measurements 747 Bi2Se3 doped with Sr}{}% 13
\BOOKMARK [1][-]{experiment.4.1}{Sample 747}{chapter*.5}% 14
\BOOKMARK [1][-]{experiment.4.2}{Measurements}{chapter*.5}% 15
\BOOKMARK [1][-]{experiment.4.3}{Results}{chapter*.5}% 16
\BOOKMARK [0][-]{chapter*.6}{31 March 2018, Weak antilocalisation 746 Bi2Se3 doped with Sr}{}% 17
\BOOKMARK [1][-]{experiment.5.1}{Theory}{chapter*.6}% 18
\BOOKMARK [1][-]{experiment.5.2}{Measurements}{chapter*.6}% 19
\BOOKMARK [1][-]{experiment.5.3}{Results}{chapter*.6}% 20
\BOOKMARK [0][-]{chapter*.7}{??? 2018, Transport mesuarments SOT 400}{}% 21
\BOOKMARK [1][-]{experiment.6.1}{SOT 400 sample}{chapter*.7}% 22
\BOOKMARK [1][-]{experiment.6.2}{SOT 400 measurements}{chapter*.7}% 23
\BOOKMARK [0][-]{chapter*.8}{3 April 2018, Transport measurements 757A Bi2Se3 doped with Sr}{}% 24
\BOOKMARK [1][-]{experiment.7.1}{Sample 757}{chapter*.8}% 25
\BOOKMARK [1][-]{experiment.7.2}{Measurements}{chapter*.8}% 26
\BOOKMARK [1][-]{experiment.7.3}{Results}{chapter*.8}% 27
\BOOKMARK [0][-]{chapter*.9}{5 April 2018, Transport measurements 761D Bi2Se3 covered with Sr}{}% 28
\BOOKMARK [1][-]{experiment.8.1}{Sample 761D}{chapter*.9}% 29
\BOOKMARK [1][-]{experiment.8.2}{Measurements}{chapter*.9}% 30
\BOOKMARK [1][-]{experiment.8.3}{Results}{chapter*.9}% 31
\BOOKMARK [0][-]{chapter*.10}{10 April 2018, Transport measurements 761D Bi2Se3 after Annealing}{}% 32
\BOOKMARK [1][-]{experiment.9.1}{Sample 761DAnnealed}{chapter*.10}% 33
\BOOKMARK [1][-]{experiment.9.2}{Measurements}{chapter*.10}% 34
\BOOKMARK [1][-]{experiment.9.3}{Results}{chapter*.10}% 35
\BOOKMARK [0][-]{chapter*.11}{17 April 2018, Transport measurements 761D Bi2Se3 after Annealing 300K}{}% 36
\BOOKMARK [1][-]{experiment.10.1}{Sample 761DAnnealed 300K}{chapter*.11}% 37
\BOOKMARK [1][-]{experiment.10.2}{Measurements}{chapter*.11}% 38
\BOOKMARK [1][-]{experiment.10.3}{Results}{chapter*.11}% 39
\BOOKMARK [0][-]{chapter*.12}{21,22 April 2018, Transport measurements 761A and 746A Bi2Se3}{}% 40
\BOOKMARK [1][-]{experiment.11.1}{Sample 761A and 746A}{chapter*.12}% 41
\BOOKMARK [1][-]{experiment.11.2}{Measurements}{chapter*.12}% 42
\BOOKMARK [1][-]{experiment.11.3}{Results for 761A befor annealing}{chapter*.12}% 43
